New names:
* Amortización -> Amortización...5
* Amortización -> Amortización...13
New names:
* Amortización -> Amortización...9
* Amortización -> Amortización...14
New names:
* Amortización -> Amortización...11
* Amortización -> Amortización...13
New names:
* Amortización -> Amortización...12
* Amortización -> Amortización...14
New names:
* Amortización -> Amortización...10
* Amortización -> Amortización...14
New names:
* Amortización -> Amortización...10
* Amortización -> Amortización...14
New names:
* Amortización -> Amortización...12
* Amortización -> Amortización...15
New names:
* Amortización -> Amortización...12
* Amortización -> Amortización...15
This Font Awesome icon ('gears') does not exist:
* if providing a custom `html_dependency` these `name` checks can 
  be deactivated with `verify_fa = FALSE`
The `name` provided ('bar-chart') is deprecated in Font Awesome 5:
* please consider using 'chart-bar' or 'fas fa-chart-bar' instead
* use the `verify_fa = FALSE` to deactivate these messages

Listening on http://192.168.0.7:7701
^C^CNew names:
* Amortización -> Amortización...5
* Amortización -> Amortización...13
New names:
* Amortización -> Amortización...9
* Amortización -> Amortización...14
New names:
* Amortización -> Amortización...11
* Amortización -> Amortización...13
New names:
* Amortización -> Amortización...12
* Amortización -> Amortización...14
New names:
* Amortización -> Amortización...10
* Amortización -> Amortización...14
New names:
* Amortización -> Amortización...10
* Amortización -> Amortización...14
New names:
* Amortización -> Amortización...12
* Amortización -> Amortización...15
New names:
* Amortización -> Amortización...12
* Amortización -> Amortización...15
This Font Awesome icon ('gears') does not exist:
* if providing a custom `html_dependency` these `name` checks can 
  be deactivated with `verify_fa = FALSE`
The `name` provided ('bar-chart') is deprecated in Font Awesome 5:
* please consider using 'chart-bar' or 'fas fa-chart-bar' instead
* use the `verify_fa = FALSE` to deactivate these messages

Listening on http://192.168.0.7:7701
^CNew names:
* Amortización -> Amortización...5
* Amortización -> Amortización...13
New names:
* Amortización -> Amortización...9
* Amortización -> Amortización...14
New names:
* Amortización -> Amortización...11
* Amortización -> Amortización...13
New names:
* Amortización -> Amortización...12
* Amortización -> Amortización...14
New names:
* Amortización -> Amortización...10
* Amortización -> Amortización...14
New names:
* Amortización -> Amortización...10
* Amortización -> Amortización...14
New names:
* Amortización -> Amortización...12
* Amortización -> Amortización...15
New names:
* Amortización -> Amortización...12
* Amortización -> Amortización...15
This Font Awesome icon ('gears') does not exist:
* if providing a custom `html_dependency` these `name` checks can 
  be deactivated with `verify_fa = FALSE`
The `name` provided ('bar-chart') is deprecated in Font Awesome 5:
* please consider using 'chart-bar' or 'fas fa-chart-bar' instead
* use the `verify_fa = FALSE` to deactivate these messages

Listening on http://192.168.0.7:7701
createTcpServer: address already in use
Error in initialize(...) : Failed to create server
Calls: runApp ... startApp -> startServer -> <Anonymous> -> initialize
Ejecución interrumpida
New names:
* Amortización -> Amortización...5
* Amortización -> Amortización...13
New names:
* Amortización -> Amortización...9
* Amortización -> Amortización...14
New names:
* Amortización -> Amortización...11
* Amortización -> Amortización...13
New names:
* Amortización -> Amortización...12
* Amortización -> Amortización...14
New names:
* Amortización -> Amortización...10
* Amortización -> Amortización...14
New names:
* Amortización -> Amortización...10
* Amortización -> Amortización...14
New names:
* Amortización -> Amortización...12
* Amortización -> Amortización...15
New names:
* Amortización -> Amortización...12
* Amortización -> Amortización...15
This Font Awesome icon ('gears') does not exist:
* if providing a custom `html_dependency` these `name` checks can 
  be deactivated with `verify_fa = FALSE`
The `name` provided ('bar-chart') is deprecated in Font Awesome 5:
* please consider using 'chart-bar' or 'fas fa-chart-bar' instead
* use the `verify_fa = FALSE` to deactivate these messages

Listening on http://192.168.0.2:7701
createTcpServer: address already in use
Error in initialize(...) : Failed to create server
Calls: runApp ... startApp -> startServer -> <Anonymous> -> initialize
Ejecución interrumpida
^C^C^CNew names:
* Amortización -> Amortización...5
* Amortización -> Amortización...13
New names:
* Amortización -> Amortización...9
* Amortización -> Amortización...14
New names:
* Amortización -> Amortización...11
* Amortización -> Amortización...13
New names:
* Amortización -> Amortización...12
* Amortización -> Amortización...14
New names:
* Amortización -> Amortización...10
* Amortización -> Amortización...14
New names:
* Amortización -> Amortización...10
* Amortización -> Amortización...14
New names:
* Amortización -> Amortización...12
* Amortización -> Amortización...15
New names:
* Amortización -> Amortización...12
* Amortización -> Amortización...15
This Font Awesome icon ('gears') does not exist:
* if providing a custom `html_dependency` these `name` checks can 
  be deactivated with `verify_fa = FALSE`
The `name` provided ('bar-chart') is deprecated in Font Awesome 5:
* please consider using 'chart-bar' or 'fas fa-chart-bar' instead
* use the `verify_fa = FALSE` to deactivate these messages

Listening on http://192.168.0.3:7701
^CNew names:
* Amortización -> Amortización...5
* Amortización -> Amortización...13
New names:
* Amortización -> Amortización...9
* Amortización -> Amortización...14
New names:
* Amortización -> Amortización...11
* Amortización -> Amortización...13
New names:
* Amortización -> Amortización...12
* Amortización -> Amortización...14
New names:
* Amortización -> Amortización...10
* Amortización -> Amortización...14
New names:
* Amortización -> Amortización...10
* Amortización -> Amortización...14
New names:
* Amortización -> Amortización...12
* Amortización -> Amortización...15
New names:
* Amortización -> Amortización...12
* Amortización -> Amortización...15
This Font Awesome icon ('gears') does not exist:
* if providing a custom `html_dependency` these `name` checks can 
  be deactivated with `verify_fa = FALSE`
The `name` provided ('bar-chart') is deprecated in Font Awesome 5:
* please consider using 'chart-bar' or 'fas fa-chart-bar' instead
* use the `verify_fa = FALSE` to deactivate these messages

Listening on http://192.168.0.3:7701
^CNew names:
* Amortización -> Amortización...5
* Amortización -> Amortización...13
New names:
* Amortización -> Amortización...9
* Amortización -> Amortización...14
New names:
* Amortización -> Amortización...11
* Amortización -> Amortización...13
New names:
* Amortización -> Amortización...12
* Amortización -> Amortización...14
New names:
* Amortización -> Amortización...10
* Amortización -> Amortización...14
New names:
* Amortización -> Amortización...10
* Amortización -> Amortización...14
New names:
* Amortización -> Amortización...12
* Amortización -> Amortización...15
New names:
* Amortización -> Amortización...12
* Amortización -> Amortización...15
This Font Awesome icon ('gears') does not exist:
* if providing a custom `html_dependency` these `name` checks can 
  be deactivated with `verify_fa = FALSE`
The `name` provided ('bar-chart') is deprecated in Font Awesome 5:
* please consider using 'chart-bar' or 'fas fa-chart-bar' instead
* use the `verify_fa = FALSE` to deactivate these messages

Listening on http://192.168.0.3:7701
^CNew names:
* Amortización -> Amortización...5
* Amortización -> Amortización...13
New names:
* Amortización -> Amortización...9
* Amortización -> Amortización...14
New names:
* Amortización -> Amortización...11
* Amortización -> Amortización...13
New names:
* Amortización -> Amortización...12
* Amortización -> Amortización...14
New names:
* Amortización -> Amortización...10
* Amortización -> Amortización...14
New names:
* Amortización -> Amortización...10
* Amortización -> Amortización...14
New names:
* Amortización -> Amortización...12
* Amortización -> Amortización...15
New names:
* Amortización -> Amortización...12
* Amortización -> Amortización...15
This Font Awesome icon ('gears') does not exist:
* if providing a custom `html_dependency` these `name` checks can 
  be deactivated with `verify_fa = FALSE`
The `name` provided ('bar-chart') is deprecated in Font Awesome 5:
* please consider using 'chart-bar' or 'fas fa-chart-bar' instead
* use the `verify_fa = FALSE` to deactivate these messages

Listening on http://192.168.0.3:7701
^CNew names:
* Amortización -> Amortización...5
* Amortización -> Amortización...13
New names:
* Amortización -> Amortización...9
* Amortización -> Amortización...14
New names:
* Amortización -> Amortización...11
* Amortización -> Amortización...13
New names:
* Amortización -> Amortización...12
* Amortización -> Amortización...14
New names:
* Amortización -> Amortización...10
* Amortización -> Amortización...14
New names:
* Amortización -> Amortización...10
* Amortización -> Amortización...14
New names:
* Amortización -> Amortización...12
* Amortización -> Amortización...15
New names:
* Amortización -> Amortización...12
* Amortización -> Amortización...15
This Font Awesome icon ('gears') does not exist:
* if providing a custom `html_dependency` these `name` checks can 
  be deactivated with `verify_fa = FALSE`
The `name` provided ('bar-chart') is deprecated in Font Awesome 5:
* please consider using 'chart-bar' or 'fas fa-chart-bar' instead
* use the `verify_fa = FALSE` to deactivate these messages

Listening on http://192.168.0.3:7701
createTcpServer: address already in use
Error in initialize(...) : Failed to create server
Calls: runApp ... startApp -> startServer -> <Anonymous> -> initialize
Ejecución interrumpida
New names:
* Amortización -> Amortización...5
* Amortización -> Amortización...13
New names:
* Amortización -> Amortización...9
* Amortización -> Amortización...14
New names:
* Amortización -> Amortización...11
* Amortización -> Amortización...13
New names:
* Amortización -> Amortización...12
* Amortización -> Amortización...14
New names:
* Amortización -> Amortización...10
* Amortización -> Amortización...14
New names:
* Amortización -> Amortización...10
* Amortización -> Amortización...14
New names:
* Amortización -> Amortización...12
* Amortización -> Amortización...15
New names:
* Amortización -> Amortización...12
* Amortización -> Amortización...15
This Font Awesome icon ('gears') does not exist:
* if providing a custom `html_dependency` these `name` checks can 
  be deactivated with `verify_fa = FALSE`
The `name` provided ('bar-chart') is deprecated in Font Awesome 5:
* please consider using 'chart-bar' or 'fas fa-chart-bar' instead
* use the `verify_fa = FALSE` to deactivate these messages

Listening on http://192.168.0.3:7701
createTcpServer: address already in use
Error in initialize(...) : Failed to create server
Calls: runApp ... startApp -> startServer -> <Anonymous> -> initialize
Ejecución interrumpida
New names:
* Amortización -> Amortización...5
* Amortización -> Amortización...13
New names:
* Amortización -> Amortización...9
* Amortización -> Amortización...14
New names:
* Amortización -> Amortización...11
* Amortización -> Amortización...13
New names:
* Amortización -> Amortización...12
* Amortización -> Amortización...14
New names:
* Amortización -> Amortización...10
* Amortización -> Amortización...14
New names:
* Amortización -> Amortización...10
* Amortización -> Amortización...14
New names:
* Amortización -> Amortización...12
* Amortización -> Amortización...15
New names:
* Amortización -> Amortización...12
* Amortización -> Amortización...15
This Font Awesome icon ('gears') does not exist:
* if providing a custom `html_dependency` these `name` checks can 
  be deactivated with `verify_fa = FALSE`
The `name` provided ('bar-chart') is deprecated in Font Awesome 5:
* please consider using 'chart-bar' or 'fas fa-chart-bar' instead
* use the `verify_fa = FALSE` to deactivate these messages

Listening on http://192.168.0.3:7701
^C^CNew names:
* Amortización -> Amortización...5
* Amortización -> Amortización...13
New names:
* Amortización -> Amortización...9
* Amortización -> Amortización...14
New names:
* Amortización -> Amortización...11
* Amortización -> Amortización...13
New names:
* Amortización -> Amortización...12
* Amortización -> Amortización...14
New names:
* Amortización -> Amortización...10
* Amortización -> Amortización...14
New names:
* Amortización -> Amortización...10
* Amortización -> Amortización...14
New names:
* Amortización -> Amortización...12
* Amortización -> Amortización...15
New names:
* Amortización -> Amortización...12
* Amortización -> Amortización...15
This Font Awesome icon ('gears') does not exist:
* if providing a custom `html_dependency` these `name` checks can 
  be deactivated with `verify_fa = FALSE`
The `name` provided ('bar-chart') is deprecated in Font Awesome 5:
* please consider using 'chart-bar' or 'fas fa-chart-bar' instead
* use the `verify_fa = FALSE` to deactivate these messages

Listening on http://192.168.0.3:7701
^C^CNew names:
* Amortización -> Amortización...5
* Amortización -> Amortización...13
New names:
* Amortización -> Amortización...9
* Amortización -> Amortización...14
New names:
* Amortización -> Amortización...11
* Amortización -> Amortización...13
New names:
* Amortización -> Amortización...12
* Amortización -> Amortización...14
New names:
* Amortización -> Amortización...10
* Amortización -> Amortización...14
New names:
* Amortización -> Amortización...10
* Amortización -> Amortización...14
New names:
* Amortización -> Amortización...12
* Amortización -> Amortización...15
New names:
* Amortización -> Amortización...12
* Amortización -> Amortización...15
This Font Awesome icon ('gears') does not exist:
* if providing a custom `html_dependency` these `name` checks can 
  be deactivated with `verify_fa = FALSE`
The `name` provided ('bar-chart') is deprecated in Font Awesome 5:
* please consider using 'chart-bar' or 'fas fa-chart-bar' instead
* use the `verify_fa = FALSE` to deactivate these messages

Listening on http://192.168.0.3:7701
^C